C51 COMPILER V9.01   ADC                                                                   06/06/2021 16:45:11 PAGE 1   


C51 COMPILER V9.01, COMPILATION OF MODULE ADC
OBJECT MODULE PLACED IN .\Objects\adc.obj
COMPILER INVOKED BY: C:\Keil_v5\C51\BIN\C51.EXE Src\adc.c LARGE WARNINGLEVEL(1) OPTIMIZE(9,SPEED) BROWSE INCDIR(.\Inc;.\
                    -Src) DEBUG OBJECTEXTEND PRINT(.\Listings\adc.lst) TABS(2) OBJECT(.\Objects\adc.obj)

line level    source

   1          #include "STC8G.h"
   2          #include "intrins.h"
   3          #include "adc.h"
   4          /******************************************************************
   5          ADC ->  P55
   6          *******************************************************************/
   7          
   8          void ADC_Init()
   9          {
  10   1          P5M0 |= 0x00;                                //设置P55为ADC口
  11   1          P5M1 |= 0x20;
  12   1        
  13   1          P_SW2 |= 0x80;                              //配置ADCTIM需将P_SW2最高位置位
  14   1          ADCTIM = 0x3f;
  15   1          P_SW2 &= 0x7f;
  16   1        
  17   1          ADCCFG = 0x2f;                              //设置ADC时钟为系统时钟/2/16
  18   1          ADC_CONTR = 0x85;                           //使能P55为ADC输入
  19   1      }
  20          
  21          int ADC_GetValue()
  22          {
  23   1          int value = 0;
  24   1            
  25   1          ADC_CONTR |= 0x40;                          //启动ADC转换
  26   1          _nop_();
  27   1          _nop_();
  28   1        
  29   1          while(!(ADC_CONTR & 0x20));                 //查询ADC转换完成标志
  30   1          ADC_CONTR &= ~0x20;                         //清除标志
  31   1          value |= (ADC_RES << 8);
  32   1          value |= ADC_RESL;
  33   1          
  34   1          return value;
  35   1      }
  36          
  37          float Get_Threshold()                           //获取超声波设置阈值,范围0-300，单位cm
  38          {
  39   1          float dist_threshold;
  40   1        
  41   1          dist_threshold = (float)(1024-ADC_GetValue())/1024*300;
  42   1        
  43   1          if(dist_threshold < 0)  dist_threshold = 0;
  44   1          if(dist_threshold > 300)dist_threshold = 300;
  45   1        
  46   1          return dist_threshold;
  47   1      }


MODULE INFORMATION:   STATIC OVERLAYABLE
   CODE SIZE        =    167    ----
   CONSTANT SIZE    =   ----    ----
   XDATA SIZE       =   ----       4
   PDATA SIZE       =   ----    ----
C51 COMPILER V9.01   ADC                                                                   06/06/2021 16:45:11 PAGE 2   

   DATA SIZE        =   ----    ----
   IDATA SIZE       =   ----    ----
   BIT SIZE         =   ----    ----
END OF MODULE INFORMATION.


C51 COMPILATION COMPLETE.  0 WARNING(S),  0 ERROR(S)
